E:\3D MODELS & TEXTURES LOADING AND DRAW CODE WORK\TEXTURE FILES STUFF\POLYMORPHIC TEXTURES\POLYMORPHIC TEXTURES\DEBUG\BMP_HANDLER.OBJ
E:\3D MODELS & TEXTURES LOADING AND DRAW CODE WORK\TEXTURE FILES STUFF\POLYMORPHIC TEXTURES\POLYMORPHIC TEXTURES\DEBUG\IMAGELOADER.OBJ
E:\3D MODELS & TEXTURES LOADING AND DRAW CODE WORK\TEXTURE FILES STUFF\POLYMORPHIC TEXTURES\POLYMORPHIC TEXTURES\DEBUG\MAIN.OBJ
E:\3D MODELS & TEXTURES LOADING AND DRAW CODE WORK\TEXTURE FILES STUFF\POLYMORPHIC TEXTURES\POLYMORPHIC TEXTURES\DEBUG\RAW_TEX.OBJ
E:\3D MODELS & TEXTURES LOADING AND DRAW CODE WORK\TEXTURE FILES STUFF\POLYMORPHIC TEXTURES\POLYMORPHIC TEXTURES\DEBUG\TGA_HANDLER.OBJ
E:\3D MODELS & TEXTURES LOADING AND DRAW CODE WORK\TEXTURE FILES STUFF\POLYMORPHIC TEXTURES\POLYMORPHIC TEXTURES\DEBUG\VC110.PDB
E:\3D models & textures loading and draw code work\texture files stuff\polymorphic textures\polymorphic textures\Debug\bmp_handler.obj
E:\3D models & textures loading and draw code work\texture files stuff\polymorphic textures\polymorphic textures\Debug\imageloader.obj
E:\3D models & textures loading and draw code work\texture files stuff\polymorphic textures\polymorphic textures\Debug\raw_tex.obj
E:\3D models & textures loading and draw code work\texture files stuff\polymorphic textures\polymorphic textures\Debug\main.obj
E:\3D models & textures loading and draw code work\texture files stuff\polymorphic textures\polymorphic textures\Debug\tga_handler.obj
E:\3D models & textures loading and draw code work\texture files stuff\polymorphic textures\polymorphic textures\Debug\CL.read.1.tlog
E:\3D models & textures loading and draw code work\texture files stuff\polymorphic textures\polymorphic textures\Debug\CL.write.1.tlog
E:\3D models & textures loading and draw code work\texture files stuff\polymorphic textures\polymorphic textures\Debug\cl.command.1.tlog
E:\3D models & textures loading and draw code work\texture files stuff\polymorphic textures\polymorphic textures\Debug\link-rc.read.1.tlog
E:\3D models & textures loading and draw code work\texture files stuff\polymorphic textures\polymorphic textures\Debug\link-rc.write.1.tlog
E:\3D models & textures loading and draw code work\texture files stuff\polymorphic textures\polymorphic textures\Debug\link-cvtres.read.1.tlog
E:\3D models & textures loading and draw code work\texture files stuff\polymorphic textures\polymorphic textures\Debug\link-cvtres.write.1.tlog
E:\3D models & textures loading and draw code work\texture files stuff\polymorphic textures\polymorphic textures\Debug\link.read.1.tlog
E:\3D models & textures loading and draw code work\texture files stuff\polymorphic textures\polymorphic textures\Debug\link.write.1.tlog
E:\3D models & textures loading and draw code work\texture files stuff\polymorphic textures\polymorphic textures\Debug\link.command.1.tlog
E:\3D models & textures loading and draw code work\texture files stuff\polymorphic textures\polymorphic textures\Debug\link.4112-rc.read.1.tlog
E:\3D models & textures loading and draw code work\texture files stuff\polymorphic textures\polymorphic textures\Debug\link.4112-rc.write.1.tlog
E:\3D models & textures loading and draw code work\texture files stuff\polymorphic textures\polymorphic textures\Debug\link.4112-cvtres.read.1.tlog
E:\3D models & textures loading and draw code work\texture files stuff\polymorphic textures\polymorphic textures\Debug\link.4112-cvtres.write.1.tlog
E:\3D models & textures loading and draw code work\texture files stuff\polymorphic textures\polymorphic textures\Debug\link.4112.read.1.tlog
E:\3D models & textures loading and draw code work\texture files stuff\polymorphic textures\polymorphic textures\Debug\link.4112.write.1.tlog
E:\3D models & textures loading and draw code work\texture files stuff\polymorphic textures\polymorphic textures\Debug\vc110.idb
E:\3D models & textures loading and draw code work\texture files stuff\polymorphic textures\polymorphic textures\Debug\vc110.pdb
E:\3D models & textures loading and draw code work\texture files stuff\polymorphic textures\Debug\polymorphic textures.pdb
